  block.cpp
  button.cpp
  Diff.cpp
  End.cpp
  EndGame.cpp
  Fail.cpp
  Help.cpp
  inGame.cpp
  initGame.cpp
  item.cpp
  load.cpp
  main.cpp
  initImage.cpp
  Mode.cpp
  paint.cpp
  Quit.cpp
  Reset.cpp
  Restart.cpp
  Set.cpp
  Stats.cpp
  正在编译...
  welcome.cpp
  Win.cpp
  正在生成代码
  Previous IPDB not found, fall back to full compilation.
  All 70 functions were compiled because no usable IPDB/IOBJ from previous compilation was found.
  已完成代码的生成
  MineSweeper.vcxproj -> C:\Users\62908\source\repos\MineSweeper\x64\Release\MineSweeper.exe
